# project  configured on Sun Feb  9 20:48:22 2020 by
# waf 1.7.11 (abi 98, python 2070fc1 on linux2)
# using /home/thesillybatdoc/.pebble-sdk/SDKs/current/sdk-core/pebble/waf configure
#
----------------------------------------
Setting top to
/home/thesillybatdoc/Pebble-Projects/AppleModular/Modular
----------------------------------------
Setting out to
/home/thesillybatdoc/Pebble-Projects/AppleModular/Modular/build
----------------------------------------
Checking for program webpack
/home/thesillybatdoc/.pebble-sdk/SDKs/current/node_modules/.bin/webpack
find program=['webpack'] paths=['/home/thesillybatdoc/.pebble-sdk/SDKs/current/node_modules/.bin'] var='WEBPACK' -> '/home/thesillybatdoc/.pebble-sdk/SDKs/current/node_modules/.bin/webpack'
----------------------------------------
Found Pebble SDK for basalt in:
/home/thesillybatdoc/.pebble-sdk/SDKs/current/sdk-core/pebble/basalt
----------------------------------------
Checking for program gcc,cc
arm-none-eabi-gcc
find program=['gcc', 'cc'] paths='' var='CC' -> 'arm-none-eabi-gcc'
----------------------------------------
Checking for program ar
arm-none-eabi-ar
find program=['ar'] paths='' var='AR' -> 'arm-none-eabi-ar'
